Warning[208] ../source/ISRs.asm 125 : Label truncated at 32 characters. (highPriorityISRTimer2_prescaleNotSample)
Warning[208] ../source/midi.asm 415 : Label truncated at 32 characters. (processRxAsMIDI_notStatusContinue)
Warning[208] ../source/midi.asm 552 : Label truncated at 32 characters. (midiMessageMapper_notNoteOnWithZeroVel)
Warning[208] ../source/midi.asm 666 : Label truncated at 32 characters. (midiMessageMapper_notControllerReset)
Warning[208] ../source/midi.asm 811 : Label truncated at 32 characters. (midiMessageMapper_notControlChange)
Warning[208] ../source/soundGen.asm 454 : Label truncated at 32 characters. (activeNoteTableRemove_bubbleContinue)
Warning[208] ../source/soundGen.asm 514 : Label truncated at 32 characters. (refreshActiveNoteState_soundIsOff)
Warning[208] ../source/soundGen.asm 595 : Label truncated at 32 characters. (getActiveNoteDeltas_loadSampleDelta)
Warning[208] ../source/soundGen.asm 640 : Label truncated at 32 characters. (getActiveNoteDeltas_readTableAndSave)
Warning[208] ../source/soundGen.asm 1138 : Label truncated at 32 characters. (processSoundState_cancelVoiceThru)
Warning[208] ../source/soundGen.asm 1158 : Label truncated at 32 characters. (processSoundState_recordGoForRealz)
Warning[208] ../source/userInterface.asm 92 : Label truncated at 32 characters. (userInterface_incModeCheckSustain)
Warning[208] ../source/main.asm 351 : Label truncated at 32 characters. (lastApplicationProgramMemoryAddress)
Warning[208] ../source/mootLoader_TX.asm 91 : Label truncated at 32 characters. (mootLoader_xmitWriteProgramMemory)
Warning[208] ../source/mootLoader_TX.asm 156 : Label truncated at 32 characters. (mootLoader_xmitWpmCheckBlockErase)
Warning[208] ../source/mootLoader_TX.asm 165 : Label truncated at 32 characters. (mootLoader_xmitWpmSendPayloadComplete)
Warning[208] ../source/mootLoader_TX.asm 235 : Label truncated at 32 characters. (mootLoader_xmitSendDataPayloadPacket)
Warning[208] ../source/mootLoader_TX.asm 286 : Label truncated at 32 characters. (mootLoader_xmitSendDataPayloadCompletePacket)
Warning[208] ../source/mootLoader_RX.asm 38 : Label truncated at 32 characters. (mootLoader_receiverListenForTrans)
Warning[208] ../source/mootLoader_RX.asm 56 : Label truncated at 32 characters. (mootLoader_rxWriteProgramMemoryHandler)
Warning[208] ../source/mootLoader_RX.asm 197 : Label truncated at 32 characters. (mootLoader_SebWriteReceivedPacketToEEPROMLp)
Warning[208] ../source/mootLoader_RX.asm 249 : Label truncated at 32 characters. (mootLoader_rxReceiverResetHandler)
Warning[208] ../source/mootLoader_RX.asm 260 : Label truncated at 32 characters. (mootloader_rxTestSinglePacketChecksum)
Warning[208] ../source/mootLoader_RX.asm 295 : Label truncated at 32 characters. (mootLoader_rxReceiveNextPacketWaitF0)
Warning[208] ../source/mootLoader_RX.asm 319 : Label truncated at 32 characters. (mootLoader_rxRnpPayloadDe_nybbleLp)
Warning[208] ../source/mootLoader_RX.asm 345 : Label truncated at 32 characters. (mootLoader_rxReceiveNextByteReadFIFO)
